2024-04-17 14:43:21,971 - INFO - Batch size: 512, seed: 42, epochs: 30
2024-04-17 14:43:21,972 - INFO - Training model: WaveLSTM
2024-04-17 14:43:21,972 - INFO - Input feature : wave
2024-04-17 14:43:21,972 - INFO - Model kwargs  : {
  "num_frames": 10,
  "input_len": 64600,
  "hidden_dim": 30,
  "out_dim": 1,
  "device": "cuda"
}
2024-04-17 14:43:21,972 - INFO - Loading data...
2024-04-17 14:43:22,109 - INFO - Loading data from E:\data\real...!
2024-04-17 14:43:22,206 - INFO - Loading data from E:\data\fake\ljspeech_melgan...!
2024-04-17 14:43:22,304 - INFO - Loading data from E:\data\fake\ljspeech_parallel_wavegan...!
2024-04-17 14:43:22,471 - INFO - Loading data from E:\data\fake\ljspeech_hifiGAN...!
2024-04-17 14:43:22,568 - INFO - Loading data from E:\data\fake\ljspeech_waveglow...!
2024-04-17 14:43:22,666 - INFO - Loading data from E:\data\fake\ljspeech_multi_band_melgan...!
2024-04-17 14:43:22,764 - INFO - Loading data from E:\data\fake\ljspeech_full_band_melgan...!
2024-04-17 14:43:22,991 - INFO - Loading data from E:\data\fake\ljspeech_melgan_large...!
2024-04-17 14:43:22,992 - INFO - Training model on 88294 audio files.
2024-04-17 14:43:22,992 - INFO - Testing model on  5240 audio files.
2024-04-17 14:43:22,992 - INFO - Train/Test ratio: 16.85
2024-04-17 14:43:22,992 - INFO - Real/Fake ratio in training: 0.135 (pos_weight)
2024-04-17 14:43:26,126 - INFO - Model summary:
==========================================================================================
Layer (type:depth-idx)                   Output Shape              Param #
==========================================================================================
WaveLSTM                                 --                        --
├─LSTM: 1-1                              [512, 10, 60]             1,580,160
├─Conv1d: 1-2                            [512, 10, 10]             610
├─Linear: 1-3                            [512, 1]                  101
==========================================================================================
Total params: 1,580,871
Trainable params: 1,580,871
Non-trainable params: 0
Total mult-adds (G): 8.09
==========================================================================================
Input size (MB): 132.30
Forward/backward pass size (MB): 2.87
Params size (MB): 6.32
Estimated Total Size (MB): 141.50
==========================================================================================
2024-04-17 15:16:54,864 - INFO - [000]: loss: 0.2275 - train acc: 84.91 - test acc: 50.0 - test eer : 0.5
2024-04-17 15:16:54,865 - INFO - Best Test Accuracy: 50.0
2024-04-17 15:16:57,891 - INFO - Best Model Saved: saved/WaveLSTM_wave_O/best.pt
2024-04-17 15:16:57,895 - INFO - Prediction Saved: saved/WaveLSTM_wave_O/best_pred.json
2024-04-17 15:50:37,987 - INFO - [001]: loss: 0.0799 - train acc: 88.13 - test acc: 50.0 - test eer : 0.5
2024-04-17 16:24:14,362 - INFO - [002]: loss: 0.0799 - train acc: 88.13 - test acc: 50.0 - test eer : 0.5
2024-04-17 16:57:30,442 - INFO - [003]: loss: 0.0799 - train acc: 88.13 - test acc: 50.0 - test eer : 0.5
2024-04-17 17:30:43,647 - INFO - [004]: loss: 0.0799 - train acc: 88.13 - test acc: 50.0 - test eer : 0.5
2024-04-17 18:03:57,479 - INFO - [005]: loss: 0.0799 - train acc: 88.13 - test acc: 50.0 - test eer : 0.5
2024-04-17 18:37:14,169 - INFO - [006]: loss: 0.0799 - train acc: 88.13 - test acc: 50.0 - test eer : 0.5
2024-04-17 19:10:26,313 - INFO - [007]: loss: 0.0799 - train acc: 88.13 - test acc: 50.0 - test eer : 0.5
2024-04-17 19:43:45,499 - INFO - [008]: loss: 0.0799 - train acc: 88.13 - test acc: 50.0 - test eer : 0.5
2024-04-17 20:17:01,227 - INFO - [009]: loss: 0.0798 - train acc: 88.13 - test acc: 50.0 - test eer : 0.5
2024-04-17 20:50:12,985 - INFO - [010]: loss: 0.0798 - train acc: 88.13 - test acc: 50.0 - test eer : 0.5
2024-04-17 21:23:28,602 - INFO - [011]: loss: 0.0798 - train acc: 88.13 - test acc: 50.0 - test eer : 0.5
2024-04-17 21:56:43,541 - INFO - [012]: loss: 0.0797 - train acc: 88.13 - test acc: 50.0 - test eer : 0.5
2024-04-17 22:30:51,489 - INFO - [013]: loss: 0.0797 - train acc: 88.13 - test acc: 50.0 - test eer : 0.5
2024-04-17 23:05:35,137 - INFO - [014]: loss: 0.0796 - train acc: 88.13 - test acc: 50.0 - test eer : 0.5
2024-04-17 23:40:21,423 - INFO - [015]: loss: 0.0796 - train acc: 88.13 - test acc: 50.0 - test eer : 0.5
2024-04-18 00:15:10,134 - INFO - [016]: loss: 0.0795 - train acc: 88.13 - test acc: 50.0 - test eer : 0.5
2024-04-18 00:50:02,018 - INFO - [017]: loss: 0.0794 - train acc: 88.13 - test acc: 50.0 - test eer : 0.5
2024-04-18 01:24:55,260 - INFO - [018]: loss: 0.0791 - train acc: 88.13 - test acc: 50.0 - test eer : 0.5
2024-04-18 01:59:50,842 - INFO - [019]: loss: 0.079 - train acc: 88.13 - test acc: 50.0 - test eer : 0.5
2024-04-18 02:34:48,296 - INFO - [020]: loss: 0.0785 - train acc: 88.13 - test acc: 50.0 - test eer : 0.5
2024-04-18 03:09:46,385 - INFO - [021]: loss: 0.0779 - train acc: 88.13 - test acc: 50.0 - test eer : 0.5
2024-04-18 03:44:47,022 - INFO - [022]: loss: 0.0773 - train acc: 88.13 - test acc: 50.0 - test eer : 0.5
2024-04-18 04:19:47,354 - INFO - [023]: loss: 0.0764 - train acc: 88.13 - test acc: 50.0 - test eer : 0.5
2024-04-18 04:54:48,022 - INFO - [024]: loss: 0.0754 - train acc: 88.13 - test acc: 50.0 - test eer : 0.5
2024-04-18 05:29:50,284 - INFO - [025]: loss: 0.0744 - train acc: 88.13 - test acc: 50.0 - test eer : 0.5
2024-04-18 06:04:51,835 - INFO - [026]: loss: 0.0731 - train acc: 88.13 - test acc: 50.0 - test eer : 0.5
2024-04-18 06:39:56,383 - INFO - [027]: loss: 0.0718 - train acc: 88.13 - test acc: 50.0 - test eer : 0.5
2024-04-18 07:15:00,058 - INFO - [028]: loss: 0.0705 - train acc: 88.13 - test acc: 50.0 - test eer : 0.5
2024-04-18 07:49:59,399 - INFO - [029]: loss: 0.069 - train acc: 88.13 - test acc: 50.0 - test eer : 0.5
