2024-04-14 22:15:14,197 - INFO - Batch size: 256, seed: None, epochs: 20
2024-04-14 22:15:14,197 - INFO - Training model: ShallowCNN
2024-04-14 22:15:14,197 - INFO - Input feature : lfcc
2024-04-14 22:15:14,197 - INFO - Model kwargs  : {
  "in_features": 1,
  "out_dim": 1,
  "device": "cpu"
}
2024-04-14 22:15:14,197 - INFO - Loading data...
2024-04-14 22:15:14,330 - INFO - Loading data from data\real...!
2024-04-14 22:15:14,397 - INFO - Loading data from data\fake\ljspeech_melgan...!
2024-04-14 22:15:14,397 - INFO - Training model on 20960 audio files.
2024-04-14 22:15:14,397 - INFO - Testing model on  5240 audio files.
2024-04-14 22:15:14,397 - INFO - Train/Test ratio: 4.0
2024-04-14 22:15:14,397 - INFO - Real/Fake ratio in training: 1.0 (pos_weight)
2024-04-15 07:16:50,037 - INFO - [000]: loss: 0.6657 - train acc: 61.32 - test acc: 82.12 - test eer : 0.2629
2024-04-15 07:16:50,068 - INFO - Best Test Accuracy: 82.118
2024-04-15 07:16:53,157 - INFO - Best Model Saved: saved\ShallowCNN_lfcc_I\best.pt
2024-04-15 07:16:53,175 - INFO - Prediction Saved: saved\ShallowCNN_lfcc_I\best_pred.json
2024-04-15 08:02:06,944 - INFO - [001]: loss: 0.2099 - train acc: 93.68 - test acc: 96.49 - test eer : 0.0638
2024-04-15 08:02:06,944 - INFO - Best Test Accuracy: 96.489
2024-04-15 08:02:10,020 - INFO - Best Model Saved: saved\ShallowCNN_lfcc_I\best.pt
2024-04-15 08:02:10,036 - INFO - Prediction Saved: saved\ShallowCNN_lfcc_I\best_pred.json
