2024-04-15 08:50:29,227 - INFO - Batch size: 256, seed: None, epochs: 20
2024-04-15 08:50:29,227 - INFO - Training model: ShallowCNN
2024-04-15 08:50:29,227 - INFO - Input feature : lfcc
2024-04-15 08:50:29,227 - INFO - Model kwargs  : {
  "in_features": 1,
  "out_dim": 1,
  "device": "cpu"
}
2024-04-15 08:50:29,227 - INFO - Loading data...
2024-04-15 08:50:29,540 - INFO - Loading data from data\real...!
2024-04-15 08:50:29,935 - INFO - Loading data from data\fake\ljspeech_melgan...!
2024-04-15 08:50:29,950 - INFO - Training model on 20960 audio files.
2024-04-15 08:50:29,950 - INFO - Testing model on  5240 audio files.
2024-04-15 08:50:29,950 - INFO - Train/Test ratio: 4.0
2024-04-15 08:50:29,950 - INFO - Real/Fake ratio in training: 1.0 (pos_weight)
2024-04-15 08:50:38,778 - INFO - Model summary:
==========================================================================================
Layer (type:depth-idx)                   Output Shape              Param #
==========================================================================================
ShallowCNN                               [256, 1]                  --
├─Conv2d: 1-1                            [256, 32, 39, 971]        544
├─MaxPool2d: 1-2                         [256, 32, 19, 485]        --
├─Conv2d: 1-3                            [256, 48, 17, 483]        38,448
├─MaxPool2d: 1-4                         [256, 48, 8, 241]         --
├─Conv2d: 1-5                            [256, 64, 7, 240]         49,216
├─MaxPool2d: 1-6                         [256, 64, 3, 120]         --
├─Conv2d: 1-7                            [256, 128, 4, 119]        65,664
├─MaxPool2d: 1-8                         [256, 128, 2, 59]         --
├─Linear: 1-9                            [256, 128]                1,933,440
├─Linear: 1-10                           [256, 1]                  129
==========================================================================================
Total params: 2,087,441
Trainable params: 2,087,441
Non-trainable params: 0
Total mult-adds (Units.GIGABYTES): 115.76
==========================================================================================
Input size (MB): 39.81
Forward/backward pass size (MB): 3634.20
Params size (MB): 8.35
Estimated Total Size (MB): 3682.37
==========================================================================================
